C:\USERS\SBJ6290\DOCUMENTS\VISUAL STUDIO 2012\PROJECTS\PROJECT1\PROJECT1\DEBUG\SOURCE.OBJ
C:\USERS\SBJ6290\DOCUMENTS\VISUAL STUDIO 2012\PROJECTS\PROJECT1\PROJECT1\DEBUG\SOURCE2.OBJ
C:\USERS\SBJ6290\DOCUMENTS\VISUAL STUDIO 2012\PROJECTS\PROJECT1\PROJECT1\DEBUG\WORLD.OBJ
C:\USERS\SBJ6290\DOCUMENTS\VISUAL STUDIO 2012\PROJECTS\PROJECT1\PROJECT1\DEBUG\VC110.PDB
C:\USERS\SBJ6290\DOCUMENTS\VISUAL STUDIO 2012\PROJECTS\PROJECT1\DEBUG\PROJECT1.ILK
C:\USERS\SBJ6290\DOCUMENTS\VISUAL STUDIO 2012\PROJECTS\PROJECT1\DEBUG\PROJECT1.EXE
C:\USERS\SBJ6290\DOCUMENTS\VISUAL STUDIO 2012\PROJECTS\PROJECT1\DEBUG\PROJECT1.PDB
C:\Users\sbj6290\Documents\Visual Studio 2012\Projects\Project1\Project1\Debug\Source.obj
C:\Users\sbj6290\Documents\Visual Studio 2012\Projects\Project1\Project1\Debug\Source2.obj
C:\Users\sbj6290\Documents\Visual Studio 2012\Projects\Project1\Project1\Debug\World.obj
C:\Users\sbj6290\Documents\Visual Studio 2012\Projects\Project1\Project1\Debug\cl.command.1.tlog
C:\Users\sbj6290\Documents\Visual Studio 2012\Projects\Project1\Project1\Debug\CL.read.1.tlog
C:\Users\sbj6290\Documents\Visual Studio 2012\Projects\Project1\Project1\Debug\CL.write.1.tlog
C:\Users\sbj6290\Documents\Visual Studio 2012\Projects\Project1\Project1\Debug\link-cvtres.read.1.tlog
C:\Users\sbj6290\Documents\Visual Studio 2012\Projects\Project1\Project1\Debug\link-cvtres.write.1.tlog
C:\Users\sbj6290\Documents\Visual Studio 2012\Projects\Project1\Project1\Debug\link-rc.read.1.tlog
C:\Users\sbj6290\Documents\Visual Studio 2012\Projects\Project1\Project1\Debug\link-rc.write.1.tlog
C:\Users\sbj6290\Documents\Visual Studio 2012\Projects\Project1\Project1\Debug\link.command.1.tlog
C:\Users\sbj6290\Documents\Visual Studio 2012\Projects\Project1\Project1\Debug\link.read.1.tlog
C:\Users\sbj6290\Documents\Visual Studio 2012\Projects\Project1\Project1\Debug\link.write.1.tlog
C:\Users\sbj6290\Documents\Visual Studio 2012\Projects\Project1\Project1\Debug\vc110.idb
C:\Users\sbj6290\Documents\Visual Studio 2012\Projects\Project1\Project1\Debug\vc110.pdb
C:\Users\sbj6290\Documents\Visual Studio 2012\Projects\Project1\Debug\Project1.pdb
C:\Users\sbj6290\Documents\Visual Studio 2012\Projects\Project1\Debug\Project1.exe
C:\Users\sbj6290\Documents\Visual Studio 2012\Projects\Project1\Debug\Project1.ilk
