Build started 5/4/2015 5:34:29 PM.
     1>Project "C:\Users\sbj6290\Documents\Visual Studio 2012\Projects\Project1\Project1\Project1.vcxproj" on node 2 (Rebuild target(s)).
     1>ClCompile:
         C:\Program Files (x86)\Microsoft Visual Studio 11.0\VC\bin\CL.exe /c /ZI /nologo /W3 /WX- /Od /Oy- /D _MBCS /Gm /EHsc /RTC1 /MDd /GS /fp:precise /Zc:wchar_t /Zc:forScope /Fo"Debug\\" /Fd"Debug\vc110.pdb" /Gd /TP /analyze- /errorReport:prompt Source.cpp Source2.cpp World.h
         World.h
     1>c:\users\sbj6290\documents\visual studio 2012\projects\project1\project1\world.h(119): warning C4244: 'initializing' : conversion from 'float' to 'int', possible loss of data
     1>c:\users\sbj6290\documents\visual studio 2012\projects\project1\project1\world.h(120): warning C4244: 'initializing' : conversion from 'float' to 'int', possible loss of data
     1>c:\users\sbj6290\documents\visual studio 2012\projects\project1\project1\world.h(121): warning C4244: 'initializing' : conversion from 'float' to 'int', possible loss of data
     1>c:\users\sbj6290\documents\visual studio 2012\projects\project1\project1\world.h(249): warning C4244: 'initializing' : conversion from 'float' to 'int', possible loss of data
     1>c:\users\sbj6290\documents\visual studio 2012\projects\project1\project1\world.h(250): warning C4244: 'initializing' : conversion from 'float' to 'int', possible loss of data
     1>c:\users\sbj6290\documents\visual studio 2012\projects\project1\project1\world.h(251): warning C4244: 'initializing' : conversion from 'float' to 'int', possible loss of data
     1>c:\users\sbj6290\documents\visual studio 2012\projects\project1\project1\world.h(253): warning C4244: 'initializing' : conversion from 'float' to 'int', possible loss of data
     1>c:\users\sbj6290\documents\visual studio 2012\projects\project1\project1\world.h(254): warning C4244: 'initializing' : conversion from 'float' to 'int', possible loss of data
     1>c:\users\sbj6290\documents\visual studio 2012\projects\project1\project1\world.h(255): warning C4244: 'initializing' : conversion from 'float' to 'int', possible loss of data
     1>c:\users\sbj6290\documents\visual studio 2012\projects\project1\project1\world.h(270): warning C4244: 'initializing' : conversion from 'float' to 'int', possible loss of data
     1>c:\users\sbj6290\documents\visual studio 2012\projects\project1\project1\world.h(271): warning C4244: 'initializing' : conversion from 'float' to 'int', possible loss of data
     1>c:\users\sbj6290\documents\visual studio 2012\projects\project1\project1\world.h(272): warning C4244: 'initializing' : conversion from 'float' to 'int', possible loss of data
     1>c:\users\sbj6290\documents\visual studio 2012\projects\project1\project1\world.h(274): warning C4244: 'initializing' : conversion from 'float' to 'int', possible loss of data
     1>c:\users\sbj6290\documents\visual studio 2012\projects\project1\project1\world.h(275): warning C4244: 'initializing' : conversion from 'float' to 'int', possible loss of data
     1>c:\users\sbj6290\documents\visual studio 2012\projects\project1\project1\world.h(276): warning C4244: 'initializing' : conversion from 'float' to 'int', possible loss of data
     1>c:\users\sbj6290\documents\visual studio 2012\projects\project1\project1\world.h(301): warning C4244: 'initializing' : conversion from 'float' to 'int', possible loss of data
     1>c:\users\sbj6290\documents\visual studio 2012\projects\project1\project1\world.h(302): warning C4244: 'initializing' : conversion from 'float' to 'int', possible loss of data
     1>c:\users\sbj6290\documents\visual studio 2012\projects\project1\project1\world.h(303): warning C4244: 'initializing' : conversion from 'float' to 'int', possible loss of data
     1>c:\users\sbj6290\documents\visual studio 2012\projects\project1\project1\world.h(305): warning C4244: 'initializing' : conversion from 'float' to 'int', possible loss of data
     1>c:\users\sbj6290\documents\visual studio 2012\projects\project1\project1\world.h(306): warning C4244: 'initializing' : conversion from 'float' to 'int', possible loss of data
     1>c:\users\sbj6290\documents\visual studio 2012\projects\project1\project1\world.h(307): warning C4244: 'initializing' : conversion from 'float' to 'int', possible loss of data
     1>c:\users\sbj6290\documents\visual studio 2012\projects\project1\project1\world.h(319): warning C4244: 'initializing' : conversion from 'float' to 'int', possible loss of data
     1>c:\users\sbj6290\documents\visual studio 2012\projects\project1\project1\world.h(320): warning C4244: 'initializing' : conversion from 'float' to 'int', possible loss of data
     1>c:\users\sbj6290\documents\visual studio 2012\projects\project1\project1\world.h(321): warning C4244: 'initializing' : conversion from 'float' to 'int', possible loss of data
     1>c:\users\sbj6290\documents\visual studio 2012\projects\project1\project1\world.h(341): warning C4244: 'initializing' : conversion from 'float' to 'int', possible loss of data
     1>c:\users\sbj6290\documents\visual studio 2012\projects\project1\project1\world.h(342): warning C4244: 'initializing' : conversion from 'float' to 'int', possible loss of data
     1>c:\users\sbj6290\documents\visual studio 2012\projects\project1\project1\world.h(343): warning C4244: 'initializing' : conversion from 'float' to 'int', possible loss of data
     1>c:\users\sbj6290\documents\visual studio 2012\projects\project1\project1\world.h(345): warning C4244: 'initializing' : conversion from 'float' to 'int', possible loss of data
     1>c:\users\sbj6290\documents\visual studio 2012\projects\project1\project1\world.h(346): warning C4244: 'initializing' : conversion from 'float' to 'int', possible loss of data
     1>c:\users\sbj6290\documents\visual studio 2012\projects\project1\project1\world.h(347): warning C4244: 'initializing' : conversion from 'float' to 'int', possible loss of data
     1>c:\users\sbj6290\documents\visual studio 2012\projects\project1\project1\world.h(359): warning C4244: 'initializing' : conversion from 'float' to 'int', possible loss of data
     1>c:\users\sbj6290\documents\visual studio 2012\projects\project1\project1\world.h(360): warning C4244: 'initializing' : conversion from 'float' to 'int', possible loss of data
     1>c:\users\sbj6290\documents\visual studio 2012\projects\project1\project1\world.h(361): warning C4244: 'initializing' : conversion from 'float' to 'int', possible loss of data
     1>c:\users\sbj6290\documents\visual studio 2012\projects\project1\project1\world.h(364): warning C4244: '=' : conversion from 'int' to 'float', possible loss of data
     1>c:\users\sbj6290\documents\visual studio 2012\projects\project1\project1\world.h(365): warning C4244: '=' : conversion from 'int' to 'float', possible loss of data
     1>c:\users\sbj6290\documents\visual studio 2012\projects\project1\project1\world.h(366): warning C4244: '=' : conversion from 'int' to 'float', possible loss of data
     1>c:\users\sbj6290\documents\visual studio 2012\projects\project1\project1\world.h(395): warning C4018: '<' : signed/unsigned mismatch
     1>c:\users\sbj6290\documents\visual studio 2012\projects\project1\project1\world.h(404): warning C4244: 'initializing' : conversion from 'float' to 'int', possible loss of data
     1>c:\users\sbj6290\documents\visual studio 2012\projects\project1\project1\world.h(405): warning C4244: 'initializing' : conversion from 'float' to 'int', possible loss of data
     1>c:\users\sbj6290\documents\visual studio 2012\projects\project1\project1\world.h(406): warning C4244: 'initializing' : conversion from 'float' to 'int', possible loss of data
     1>c:\users\sbj6290\documents\visual studio 2012\projects\project1\project1\world.h(408): warning C4244: 'initializing' : conversion from 'float' to 'int', possible loss of data
     1>c:\users\sbj6290\documents\visual studio 2012\projects\project1\project1\world.h(411): warning C4800: 'int' : forcing value to bool 'true' or 'false' (performance warning)
     1>c:\users\sbj6290\documents\visual studio 2012\projects\project1\project1\world.h(421): warning C4244: 'initializing' : conversion from 'float' to 'int', possible loss of data
     1>c:\users\sbj6290\documents\visual studio 2012\projects\project1\project1\world.h(422): warning C4244: 'initializing' : conversion from 'float' to 'int', possible loss of data
     1>c:\users\sbj6290\documents\visual studio 2012\projects\project1\project1\world.h(423): warning C4244: 'initializing' : conversion from 'float' to 'int', possible loss of data
     1>c:\users\sbj6290\documents\visual studio 2012\projects\project1\project1\world.h(425): warning C4244: 'initializing' : conversion from 'float' to 'int', possible loss of data
     1>c:\users\sbj6290\documents\visual studio 2012\projects\project1\project1\world.h(434): warning C4244: 'initializing' : conversion from 'float' to 'int', possible loss of data
     1>c:\users\sbj6290\documents\visual studio 2012\projects\project1\project1\world.h(435): warning C4244: 'initializing' : conversion from 'float' to 'int', possible loss of data
     1>c:\users\sbj6290\documents\visual studio 2012\projects\project1\project1\world.h(436): warning C4244: 'initializing' : conversion from 'float' to 'int', possible loss of data
     1>c:\users\sbj6290\documents\visual studio 2012\projects\project1\project1\world.h(438): warning C4244: 'initializing' : conversion from 'float' to 'int', possible loss of data
     1>c:\users\sbj6290\documents\visual studio 2012\projects\project1\project1\world.h(447): warning C4244: 'initializing' : conversion from 'float' to 'int', possible loss of data
     1>c:\users\sbj6290\documents\visual studio 2012\projects\project1\project1\world.h(448): warning C4244: 'initializing' : conversion from 'float' to 'int', possible loss of data
     1>c:\users\sbj6290\documents\visual studio 2012\projects\project1\project1\world.h(449): warning C4244: 'initializing' : conversion from 'float' to 'int', possible loss of data
     1>c:\users\sbj6290\documents\visual studio 2012\projects\project1\project1\world.h(451): warning C4244: 'initializing' : conversion from 'float' to 'int', possible loss of data
     1>c:\users\sbj6290\documents\visual studio 2012\projects\project1\project1\world.h(453): warning C4244: '=' : conversion from 'int' to 'float', possible loss of data
         GLM: rotate function taking degrees as a parameter is deprecated. #define GLM_FORCE_RADIANS before including GLM headers to remove this message.
         Source2.cpp
         Source.cpp
     1>c:\users\sbj6290\documents\visual studio 2012\projects\project1\project1\world.h(119): warning C4244: 'initializing' : conversion from 'float' to 'int', possible loss of data
     1>c:\users\sbj6290\documents\visual studio 2012\projects\project1\project1\world.h(120): warning C4244: 'initializing' : conversion from 'float' to 'int', possible loss of data
     1>c:\users\sbj6290\documents\visual studio 2012\projects\project1\project1\world.h(121): warning C4244: 'initializing' : conversion from 'float' to 'int', possible loss of data
     1>c:\users\sbj6290\documents\visual studio 2012\projects\project1\project1\world.h(249): warning C4244: 'initializing' : conversion from 'float' to 'int', possible loss of data
     1>c:\users\sbj6290\documents\visual studio 2012\projects\project1\project1\world.h(250): warning C4244: 'initializing' : conversion from 'float' to 'int', possible loss of data
     1>c:\users\sbj6290\documents\visual studio 2012\projects\project1\project1\world.h(251): warning C4244: 'initializing' : conversion from 'float' to 'int', possible loss of data
     1>c:\users\sbj6290\documents\visual studio 2012\projects\project1\project1\world.h(253): warning C4244: 'initializing' : conversion from 'float' to 'int', possible loss of data
     1>c:\users\sbj6290\documents\visual studio 2012\projects\project1\project1\world.h(254): warning C4244: 'initializing' : conversion from 'float' to 'int', possible loss of data
     1>c:\users\sbj6290\documents\visual studio 2012\projects\project1\project1\world.h(255): warning C4244: 'initializing' : conversion from 'float' to 'int', possible loss of data
     1>c:\users\sbj6290\documents\visual studio 2012\projects\project1\project1\world.h(270): warning C4244: 'initializing' : conversion from 'float' to 'int', possible loss of data
     1>c:\users\sbj6290\documents\visual studio 2012\projects\project1\project1\world.h(271): warning C4244: 'initializing' : conversion from 'float' to 'int', possible loss of data
     1>c:\users\sbj6290\documents\visual studio 2012\projects\project1\project1\world.h(272): warning C4244: 'initializing' : conversion from 'float' to 'int', possible loss of data
     1>c:\users\sbj6290\documents\visual studio 2012\projects\project1\project1\world.h(274): warning C4244: 'initializing' : conversion from 'float' to 'int', possible loss of data
     1>c:\users\sbj6290\documents\visual studio 2012\projects\project1\project1\world.h(275): warning C4244: 'initializing' : conversion from 'float' to 'int', possible loss of data
     1>c:\users\sbj6290\documents\visual studio 2012\projects\project1\project1\world.h(276): warning C4244: 'initializing' : conversion from 'float' to 'int', possible loss of data
     1>c:\users\sbj6290\documents\visual studio 2012\projects\project1\project1\world.h(301): warning C4244: 'initializing' : conversion from 'float' to 'int', possible loss of data
     1>c:\users\sbj6290\documents\visual studio 2012\projects\project1\project1\world.h(302): warning C4244: 'initializing' : conversion from 'float' to 'int', possible loss of data
     1>c:\users\sbj6290\documents\visual studio 2012\projects\project1\project1\world.h(303): warning C4244: 'initializing' : conversion from 'float' to 'int', possible loss of data
     1>c:\users\sbj6290\documents\visual studio 2012\projects\project1\project1\world.h(305): warning C4244: 'initializing' : conversion from 'float' to 'int', possible loss of data
     1>c:\users\sbj6290\documents\visual studio 2012\projects\project1\project1\world.h(306): warning C4244: 'initializing' : conversion from 'float' to 'int', possible loss of data
     1>c:\users\sbj6290\documents\visual studio 2012\projects\project1\project1\world.h(307): warning C4244: 'initializing' : conversion from 'float' to 'int', possible loss of data
     1>c:\users\sbj6290\documents\visual studio 2012\projects\project1\project1\world.h(319): warning C4244: 'initializing' : conversion from 'float' to 'int', possible loss of data
     1>c:\users\sbj6290\documents\visual studio 2012\projects\project1\project1\world.h(320): warning C4244: 'initializing' : conversion from 'float' to 'int', possible loss of data
     1>c:\users\sbj6290\documents\visual studio 2012\projects\project1\project1\world.h(321): warning C4244: 'initializing' : conversion from 'float' to 'int', possible loss of data
     1>c:\users\sbj6290\documents\visual studio 2012\projects\project1\project1\world.h(341): warning C4244: 'initializing' : conversion from 'float' to 'int', possible loss of data
     1>c:\users\sbj6290\documents\visual studio 2012\projects\project1\project1\world.h(342): warning C4244: 'initializing' : conversion from 'float' to 'int', possible loss of data
     1>c:\users\sbj6290\documents\visual studio 2012\projects\project1\project1\world.h(343): warning C4244: 'initializing' : conversion from 'float' to 'int', possible loss of data
     1>c:\users\sbj6290\documents\visual studio 2012\projects\project1\project1\world.h(345): warning C4244: 'initializing' : conversion from 'float' to 'int', possible loss of data
     1>c:\users\sbj6290\documents\visual studio 2012\projects\project1\project1\world.h(346): warning C4244: 'initializing' : conversion from 'float' to 'int', possible loss of data
     1>c:\users\sbj6290\documents\visual studio 2012\projects\project1\project1\world.h(347): warning C4244: 'initializing' : conversion from 'float' to 'int', possible loss of data
     1>c:\users\sbj6290\documents\visual studio 2012\projects\project1\project1\world.h(359): warning C4244: 'initializing' : conversion from 'float' to 'int', possible loss of data
     1>c:\users\sbj6290\documents\visual studio 2012\projects\project1\project1\world.h(360): warning C4244: 'initializing' : conversion from 'float' to 'int', possible loss of data
     1>c:\users\sbj6290\documents\visual studio 2012\projects\project1\project1\world.h(361): warning C4244: 'initializing' : conversion from 'float' to 'int', possible loss of data
     1>c:\users\sbj6290\documents\visual studio 2012\projects\project1\project1\world.h(364): warning C4244: '=' : conversion from 'int' to 'float', possible loss of data
     1>c:\users\sbj6290\documents\visual studio 2012\projects\project1\project1\world.h(365): warning C4244: '=' : conversion from 'int' to 'float', possible loss of data
     1>c:\users\sbj6290\documents\visual studio 2012\projects\project1\project1\world.h(366): warning C4244: '=' : conversion from 'int' to 'float', possible loss of data
     1>c:\users\sbj6290\documents\visual studio 2012\projects\project1\project1\world.h(395): warning C4018: '<' : signed/unsigned mismatch
     1>c:\users\sbj6290\documents\visual studio 2012\projects\project1\project1\world.h(404): warning C4244: 'initializing' : conversion from 'float' to 'int', possible loss of data
     1>c:\users\sbj6290\documents\visual studio 2012\projects\project1\project1\world.h(405): warning C4244: 'initializing' : conversion from 'float' to 'int', possible loss of data
     1>c:\users\sbj6290\documents\visual studio 2012\projects\project1\project1\world.h(406): warning C4244: 'initializing' : conversion from 'float' to 'int', possible loss of data
     1>c:\users\sbj6290\documents\visual studio 2012\projects\project1\project1\world.h(408): warning C4244: 'initializing' : conversion from 'float' to 'int', possible loss of data
     1>c:\users\sbj6290\documents\visual studio 2012\projects\project1\project1\world.h(411): warning C4800: 'int' : forcing value to bool 'true' or 'false' (performance warning)
     1>c:\users\sbj6290\documents\visual studio 2012\projects\project1\project1\world.h(421): warning C4244: 'initializing' : conversion from 'float' to 'int', possible loss of data
     1>c:\users\sbj6290\documents\visual studio 2012\projects\project1\project1\world.h(422): warning C4244: 'initializing' : conversion from 'float' to 'int', possible loss of data
     1>c:\users\sbj6290\documents\visual studio 2012\projects\project1\project1\world.h(423): warning C4244: 'initializing' : conversion from 'float' to 'int', possible loss of data
     1>c:\users\sbj6290\documents\visual studio 2012\projects\project1\project1\world.h(425): warning C4244: 'initializing' : conversion from 'float' to 'int', possible loss of data
     1>c:\users\sbj6290\documents\visual studio 2012\projects\project1\project1\world.h(434): warning C4244: 'initializing' : conversion from 'float' to 'int', possible loss of data
     1>c:\users\sbj6290\documents\visual studio 2012\projects\project1\project1\world.h(435): warning C4244: 'initializing' : conversion from 'float' to 'int', possible loss of data
     1>c:\users\sbj6290\documents\visual studio 2012\projects\project1\project1\world.h(436): warning C4244: 'initializing' : conversion from 'float' to 'int', possible loss of data
     1>c:\users\sbj6290\documents\visual studio 2012\projects\project1\project1\world.h(438): warning C4244: 'initializing' : conversion from 'float' to 'int', possible loss of data
     1>c:\users\sbj6290\documents\visual studio 2012\projects\project1\project1\world.h(447): warning C4244: 'initializing' : conversion from 'float' to 'int', possible loss of data
     1>c:\users\sbj6290\documents\visual studio 2012\projects\project1\project1\world.h(448): warning C4244: 'initializing' : conversion from 'float' to 'int', possible loss of data
     1>c:\users\sbj6290\documents\visual studio 2012\projects\project1\project1\world.h(449): warning C4244: 'initializing' : conversion from 'float' to 'int', possible loss of data
     1>c:\users\sbj6290\documents\visual studio 2012\projects\project1\project1\world.h(451): warning C4244: 'initializing' : conversion from 'float' to 'int', possible loss of data
     1>c:\users\sbj6290\documents\visual studio 2012\projects\project1\project1\world.h(453): warning C4244: '=' : conversion from 'int' to 'float', possible loss of data
     1>c:\users\sbj6290\documents\visual studio 2012\projects\project1\project1\source.cpp(286): warning C4244: 'initializing' : conversion from 'double' to 'GLfloat', possible loss of data
     1>c:\users\sbj6290\documents\visual studio 2012\projects\project1\project1\source.cpp(317): warning C4244: 'initializing' : conversion from 'double' to 'GLfloat', possible loss of data
     1>c:\users\sbj6290\documents\visual studio 2012\projects\project1\project1\source.cpp(325): warning C4244: '=' : conversion from 'double' to 'GLfloat', possible loss of data
     1>c:\users\sbj6290\documents\visual studio 2012\projects\project1\project1\source.cpp(333): warning C4244: '=' : conversion from 'double' to 'GLfloat', possible loss of data
     1>c:\users\sbj6290\documents\visual studio 2012\projects\project1\project1\source.cpp(338): warning C4244: '=' : conversion from 'double' to 'GLfloat', possible loss of data
     1>c:\users\sbj6290\documents\visual studio 2012\projects\project1\project1\source.cpp(374): warning C4244: 'initializing' : conversion from 'double' to 'GLfloat', possible loss of data
     1>c:\users\sbj6290\documents\visual studio 2012\projects\project1\project1\source.cpp(375): warning C4244: 'initializing' : conversion from 'double' to 'GLfloat', possible loss of data
     1>c:\users\sbj6290\documents\visual studio 2012\projects\project1\project1\source.cpp(407): warning C4244: '=' : conversion from 'int' to 'float', possible loss of data
     1>c:\users\sbj6290\documents\visual studio 2012\projects\project1\project1\source.cpp(408): warning C4244: '=' : conversion from 'int' to 'float', possible loss of data
     1>c:\users\sbj6290\documents\visual studio 2012\projects\project1\project1\source.cpp(409): warning C4244: '=' : conversion from 'int' to 'float', possible loss of data
     1>c:\users\sbj6290\documents\visual studio 2012\projects\project1\project1\source.cpp(506): warning C4244: '=' : conversion from 'double' to 'GLfloat', possible loss of data
     1>c:\users\sbj6290\documents\visual studio 2012\projects\project1\project1\source.cpp(507): warning C4244: '=' : conversion from 'double' to 'GLfloat', possible loss of data
     1>c:\users\sbj6290\documents\visual studio 2012\projects\project1\project1\source.cpp(510): warning C4244: 'initializing' : conversion from 'double' to 'GLfloat', possible loss of data
     1>c:\users\sbj6290\documents\visual studio 2012\projects\project1\project1\source.cpp(511): warning C4244: 'initializing' : conversion from 'double' to 'GLfloat', possible loss of data
     1>c:\users\sbj6290\documents\visual studio 2012\projects\project1\project1\source.cpp(512): warning C4244: '=' : conversion from 'double' to 'GLfloat', possible loss of data
     1>c:\users\sbj6290\documents\visual studio 2012\projects\project1\project1\source.cpp(513): warning C4244: '=' : conversion from 'double' to 'GLfloat', possible loss of data
         GLM: rotate function taking degrees as a parameter is deprecated. #define GLM_FORCE_RADIANS before including GLM headers to remove this message.
         GLM: perspective function taking degrees as a parameter is deprecated. #define GLM_FORCE_RADIANS before including GLM headers to remove this message.
         Generating Code...
       Link:
         C:\Program Files (x86)\Microsoft Visual Studio 11.0\VC\bin\link.exe /ERRORREPORT:PROMPT /OUT:"C:\Users\sbj6290\Documents\Visual Studio 2012\Projects\Project1\Debug\Project1.exe" /INCREMENTAL /NOLOGO SOIL.lib glew32s.lib glfw3.lib opengl32.lib kernel32.lib user32.lib gdi32.lib winspool.lib comdlg32.lib advapi32.lib shell32.lib ole32.lib oleaut32.lib uuid.lib odbc32.lib odbccp32.lib /MANIFEST /MANIFESTUAC:"level='asInvoker' uiAccess='false'" /manifest:embed /DEBUG /PDB:"C:\Users\sbj6290\Documents\Visual Studio 2012\Projects\Project1\Debug\Project1.pdb" /TLBID:1 /DYNAMICBASE /NXCOMPAT /IMPLIB:"C:\Users\sbj6290\Documents\Visual Studio 2012\Projects\Project1\Debug\Project1.lib" /MACHINE:X86 Debug\Source.obj
         Debug\Source2.obj
         Debug\World.obj
     1>LINK : warning LNK4098: defaultlib 'LIBCMT' conflicts with use of other libs; use /NODEFAULTLIB:library
     1>glew32s.lib(glew.obj) : warning LNK4099: PDB 'vc120.pdb' was not found with 'glew32s.lib(glew.obj)' or at 'C:\Users\sbj6290\Documents\Visual Studio 2012\Projects\Project1\Debug\vc120.pdb'; linking object as if no debug info
         Project1.vcxproj -> C:\Users\sbj6290\Documents\Visual Studio 2012\Projects\Project1\Debug\Project1.exe
     1>Done Building Project "C:\Users\sbj6290\Documents\Visual Studio 2012\Projects\Project1\Project1\Project1.vcxproj" (Rebuild target(s)).

Build succeeded.

Time Elapsed 00:00:02.04
